Determining if the function sgemm_ exists failed with the following output:
Change Dir: /ssd_scratch/hermes3/build/CMakeFiles/CMakeTmp

Run Build Command(s):/usr/bin/make -f Makefile cmTC_2b16f/fast && /usr/bin/make  -f CMakeFiles/cmTC_2b16f.dir/build.make CMakeFiles/cmTC_2b16f.dir/build
make[1]: Entering directory '/ssd_scratch/hermes3/build/CMakeFiles/CMakeTmp'
Building CXX object CMakeFiles/cmTC_2b16f.dir/CheckFunctionExists.cxx.o
/usr/bin/c++   -DCHECK_FUNCTION_EXISTS=sgemm_ -o CMakeFiles/cmTC_2b16f.dir/CheckFunctionExists.cxx.o -c /ssd_scratch/hermes3/build/CMakeFiles/CheckFunctionExists/CheckFunctionExists.cxx
Linking CXX executable cmTC_2b16f
/home/userfs/m/mjk557/cmake/cmake-3.24.1/bin/cmake -E cmake_link_script CMakeFiles/cmTC_2b16f.dir/link.txt --verbose=1
/usr/bin/c++  -DCHECK_FUNCTION_EXISTS=sgemm_ CMakeFiles/cmTC_2b16f.dir/CheckFunctionExists.cxx.o -o cmTC_2b16f 
/usr/bin/ld: CMakeFiles/cmTC_2b16f.dir/CheckFunctionExists.cxx.o: in function `main':
CheckFunctionExists.cxx:(.text+0x14): undefined reference to `sgemm_'
collect2: error: ld returned 1 exit status
make[1]: *** [CMakeFiles/cmTC_2b16f.dir/build.make:99: cmTC_2b16f] Error 1
make[1]: Leaving directory '/ssd_scratch/hermes3/build/CMakeFiles/CMakeTmp'
make: *** [Makefile:127: cmTC_2b16f/fast] Error 2



Performing C++ SOURCE FILE Test CMAKE_HAVE_LIBC_PTHREAD failed with the following output:
Change Dir: /ssd_scratch/hermes3/build/CMakeFiles/CMakeTmp

Run Build Command(s):/usr/bin/make -f Makefile cmTC_f4b10/fast && /usr/bin/make  -f CMakeFiles/cmTC_f4b10.dir/build.make CMakeFiles/cmTC_f4b10.dir/build
make[1]: Entering directory '/ssd_scratch/hermes3/build/CMakeFiles/CMakeTmp'
Building CXX object CMakeFiles/cmTC_f4b10.dir/src.cxx.o
/usr/bin/c++ -DCMAKE_HAVE_LIBC_PTHREAD   -o CMakeFiles/cmTC_f4b10.dir/src.cxx.o -c /ssd_scratch/hermes3/build/CMakeFiles/CMakeTmp/src.cxx
Linking CXX executable cmTC_f4b10
/home/userfs/m/mjk557/cmake/cmake-3.24.1/bin/cmake -E cmake_link_script CMakeFiles/cmTC_f4b10.dir/link.txt --verbose=1
/usr/bin/c++ CMakeFiles/cmTC_f4b10.dir/src.cxx.o -o cmTC_f4b10 
/usr/bin/ld: CMakeFiles/cmTC_f4b10.dir/src.cxx.o: in function `main':
src.cxx:(.text+0x46): undefined reference to `pthread_create'
/usr/bin/ld: src.cxx:(.text+0x52): undefined reference to `pthread_detach'
/usr/bin/ld: src.cxx:(.text+0x5e): undefined reference to `pthread_cancel'
/usr/bin/ld: src.cxx:(.text+0x6f): undefined reference to `pthread_join'
collect2: error: ld returned 1 exit status
make[1]: *** [CMakeFiles/cmTC_f4b10.dir/build.make:99: cmTC_f4b10] Error 1
make[1]: Leaving directory '/ssd_scratch/hermes3/build/CMakeFiles/CMakeTmp'
make: *** [Makefile:127: cmTC_f4b10/fast] Error 2


Source file was:
#include <pthread.h>

static void* test_func(void* data)
{
  return data;
}

int main(void)
{
  pthread_t thread;
  pthread_create(&thread, NULL, test_func, NULL);
  pthread_detach(thread);
  pthread_cancel(thread);
  pthread_join(thread, NULL);
  pthread_atfork(NULL, NULL, NULL);
  pthread_exit(NULL);

  return 0;
}

Determining if the function pthread_create exists in the pthreads failed with the following output:
Change Dir: /ssd_scratch/hermes3/build/CMakeFiles/CMakeTmp

Run Build Command(s):/usr/bin/make -f Makefile cmTC_86691/fast && /usr/bin/make  -f CMakeFiles/cmTC_86691.dir/build.make CMakeFiles/cmTC_86691.dir/build
make[1]: Entering directory '/ssd_scratch/hermes3/build/CMakeFiles/CMakeTmp'
Building CXX object CMakeFiles/cmTC_86691.dir/CheckFunctionExists.cxx.o
/usr/bin/c++   -DCHECK_FUNCTION_EXISTS=pthread_create -o CMakeFiles/cmTC_86691.dir/CheckFunctionExists.cxx.o -c /ssd_scratch/hermes3/build/CMakeFiles/CheckLibraryExists/CheckFunctionExists.cxx
Linking CXX executable cmTC_86691
/home/userfs/m/mjk557/cmake/cmake-3.24.1/bin/cmake -E cmake_link_script CMakeFiles/cmTC_86691.dir/link.txt --verbose=1
/usr/bin/c++  -DCHECK_FUNCTION_EXISTS=pthread_create CMakeFiles/cmTC_86691.dir/CheckFunctionExists.cxx.o -o cmTC_86691  -lpthreads 
/usr/bin/ld: cannot find -lpthreads
collect2: error: ld returned 1 exit status
make[1]: *** [CMakeFiles/cmTC_86691.dir/build.make:99: cmTC_86691] Error 1
make[1]: Leaving directory '/ssd_scratch/hermes3/build/CMakeFiles/CMakeTmp'
make: *** [Makefile:127: cmTC_86691/fast] Error 2



Performing C++ SOURCE FILE Test MULTIPASS_TEST_1_petsc_works_minimal failed with the following compile output:
Change Dir: /ssd_scratch/hermes3/build/CMakeFiles/CMakeTmp

Run Build Command(s):/usr/bin/make -f Makefile cmTC_d9c0c/fast && /usr/bin/make  -f CMakeFiles/cmTC_d9c0c.dir/build.make CMakeFiles/cmTC_d9c0c.dir/build
make[1]: Entering directory '/ssd_scratch/hermes3/build/CMakeFiles/CMakeTmp'
Building CXX object CMakeFiles/cmTC_d9c0c.dir/src.cxx.o
/usr/bin/c++ -DMULTIPASS_TEST_1_petsc_works_minimal -I/ssd_scratch/BOUT-snbfix/dependencies/petsc-build/include -I/usr/lib/x86_64-linux-gnu/openmpi/include/openmpi -I/usr/lib/x86_64-linux-gnu/openmpi/include  -o CMakeFiles/cmTC_d9c0c.dir/src.cxx.o -c /ssd_scratch/hermes3/build/CMakeFiles/CMakeTmp/src.cxx
Linking CXX executable cmTC_d9c0c
/home/userfs/m/mjk557/cmake/cmake-3.24.1/bin/cmake -E cmake_link_script CMakeFiles/cmTC_d9c0c.dir/link.txt --verbose=1
/usr/bin/c++ CMakeFiles/cmTC_d9c0c.dir/src.cxx.o -o cmTC_d9c0c  -Wl,-rpath,/ssd_scratch/BOUT-snbfix/dependencies/petsc-build/lib /ssd_scratch/BOUT-snbfix/dependencies/petsc-build/lib/libpetsc.so 
/usr/bin/ld: CMakeFiles/cmTC_d9c0c.dir/src.cxx.o: undefined reference to symbol 'ompi_mpi_comm_self'
/usr/bin/ld: /lib/x86_64-linux-gnu/libmpi.so.40: error adding symbols: DSO missing from command line
collect2: error: ld returned 1 exit status
make[1]: *** [CMakeFiles/cmTC_d9c0c.dir/build.make:100: cmTC_d9c0c] Error 1
make[1]: Leaving directory '/ssd_scratch/hermes3/build/CMakeFiles/CMakeTmp'
make: *** [Makefile:127: cmTC_d9c0c/fast] Error 2


...and run output:

Return value: 1
Source file was:

static const char help[] = "PETSc test program.";
#include <petscts.h>
int main(int argc,char *argv[]) {
  PetscErrorCode ierr;
  TS ts;

  ierr = PetscInitialize(&argc,&argv,0,help);CHKERRQ(ierr);
  ierr = TSCreate(PETSC_COMM_WORLD,&ts);CHKERRQ(ierr);
  ierr = TSSetFromOptions(ts);CHKERRQ(ierr);
  ierr = TSDestroy(&ts);CHKERRQ(ierr);
  ierr = PetscFinalize();CHKERRQ(ierr);
  return 0;
}

Performing C++ SOURCE FILE Test MULTIPASS_TEST_2_petsc_works_allincludes failed with the following compile output:
Change Dir: /ssd_scratch/hermes3/build/CMakeFiles/CMakeTmp

Run Build Command(s):/usr/bin/make -f Makefile cmTC_2f58e/fast && /usr/bin/make  -f CMakeFiles/cmTC_2f58e.dir/build.make CMakeFiles/cmTC_2f58e.dir/build
make[1]: Entering directory '/ssd_scratch/hermes3/build/CMakeFiles/CMakeTmp'
Building CXX object CMakeFiles/cmTC_2f58e.dir/src.cxx.o
/usr/bin/c++ -DMULTIPASS_TEST_2_petsc_works_allincludes -I/ssd_scratch/BOUT-snbfix/dependencies/petsc-build/include -I/usr/lib/x86_64-linux-gnu/openmpi/include/openmpi -I/usr/lib/x86_64-linux-gnu/openmpi/include  -o CMakeFiles/cmTC_2f58e.dir/src.cxx.o -c /ssd_scratch/hermes3/build/CMakeFiles/CMakeTmp/src.cxx
Linking CXX executable cmTC_2f58e
/home/userfs/m/mjk557/cmake/cmake-3.24.1/bin/cmake -E cmake_link_script CMakeFiles/cmTC_2f58e.dir/link.txt --verbose=1
/usr/bin/c++ CMakeFiles/cmTC_2f58e.dir/src.cxx.o -o cmTC_2f58e  -Wl,-rpath,/ssd_scratch/BOUT-snbfix/dependencies/petsc-build/lib /ssd_scratch/BOUT-snbfix/dependencies/petsc-build/lib/libpetsc.so 
/usr/bin/ld: CMakeFiles/cmTC_2f58e.dir/src.cxx.o: undefined reference to symbol 'ompi_mpi_comm_self'
/usr/bin/ld: /lib/x86_64-linux-gnu/libmpi.so.40: error adding symbols: DSO missing from command line
collect2: error: ld returned 1 exit status
make[1]: *** [CMakeFiles/cmTC_2f58e.dir/build.make:100: cmTC_2f58e] Error 1
make[1]: Leaving directory '/ssd_scratch/hermes3/build/CMakeFiles/CMakeTmp'
make: *** [Makefile:127: cmTC_2f58e/fast] Error 2


...and run output:

Return value: 1
Source file was:

static const char help[] = "PETSc test program.";
#include <petscts.h>
int main(int argc,char *argv[]) {
  PetscErrorCode ierr;
  TS ts;

  ierr = PetscInitialize(&argc,&argv,0,help);CHKERRQ(ierr);
  ierr = TSCreate(PETSC_COMM_WORLD,&ts);CHKERRQ(ierr);
  ierr = TSSetFromOptions(ts);CHKERRQ(ierr);
  ierr = TSDestroy(&ts);CHKERRQ(ierr);
  ierr = PetscFinalize();CHKERRQ(ierr);
  return 0;
}

